Using pre-set license
Built from '6000.0/staging' branch; Version is '6000.0.24f1 (11fa355cd605) revision 1178165'; Using compiler version '193933523'; Build Type 'Release'
OS: 'Windows 11  (10.0.22631) 64bit Core' Language: 'en' Physical Memory: 32045 MB
BatchMode: 1, IsHumanControllingUs: 0, StartBugReporterOnCrash: 0, Is64bit: 1, IsPro: 1

COMMAND LINE ARGUMENTS:
C:\Program Files\Unity\Hub\Editor\6000.0.24f1\Editor\Unity.exe
-adb2
-batchMode
-noUpm
-name
AssetImportWorker3
-projectPath
C:/Users/zebkl/ShamansJourney/ShamanGame
-logFile
Logs/AssetImportWorker3.log
-srvPort
60834
-job-worker-count
7
-background-job-worker-count
8
-asset-garbage-collectors
1
Successfully changed project path to: C:/Users/zebkl/ShamansJourney/ShamanGame
C:/Users/zebkl/ShamansJourney/ShamanGame
[UnityMemory] Configuration Parameters - Can be set up in boot.config
    "memorysetup-bucket-allocator-granularity=16"
    "memorysetup-bucket-allocator-bucket-count=8"
    "memorysetup-bucket-allocator-block-size=33554432"
    "memorysetup-bucket-allocator-block-count=8"
    "memorysetup-main-allocator-block-size=16777216"
    "memorysetup-thread-allocator-block-size=16777216"
    "memorysetup-gfx-main-allocator-block-size=16777216"
    "memorysetup-gfx-thread-allocator-block-size=16777216"
    "memorysetup-cache-allocator-block-size=4194304"
    "memorysetup-typetree-allocator-block-size=2097152"
    "memorysetup-profiler-bucket-allocator-granularity=16"
    "memorysetup-profiler-bucket-allocator-bucket-count=8"
    "memorysetup-profiler-bucket-allocator-block-size=33554432"
    "memorysetup-profiler-bucket-allocator-block-count=8"
    "memorysetup-profiler-allocator-block-size=16777216"
    "memorysetup-profiler-editor-allocator-block-size=1048576"
    "memorysetup-temp-allocator-size-main=16777216"
    "memorysetup-job-temp-allocator-block-size=2097152"
    "memorysetup-job-temp-allocator-block-size-background=1048576"
    "memorysetup-job-temp-allocator-reduction-small-platforms=262144"
    "memorysetup-allocator-temp-initial-block-size-main=262144"
    "memorysetup-allocator-temp-initial-block-size-worker=262144"
    "memorysetup-temp-allocator-size-background-worker=32768"
    "memorysetup-temp-allocator-size-job-worker=262144"
    "memorysetup-temp-allocator-size-preload-manager=33554432"
    "memorysetup-temp-allocator-size-nav-mesh-worker=65536"
    "memorysetup-temp-allocator-size-audio-worker=65536"
    "memorysetup-temp-allocator-size-cloud-worker=32768"
    "memorysetup-temp-allocator-size-gi-baking-worker=262144"
    "memorysetup-temp-allocator-size-gi-baking-worker=262144"
    "memorysetup-temp-allocator-size-gi-baking-worker=262144"
    "memorysetup-temp-allocator-size-gi-baking-worker=262144"
    "memorysetup-temp-allocator-size-gi-baking-worker=262144"
    "memorysetup-temp-allocator-size-gfx=262144"
Player connection [34808]  Target information:

Player connection [34808]  * "[IP] 10.2.0.2 [Port] 0 [Flags] 2 [Guid] 2216652404 [EditorId] 2216652404 [Version] 1048832 [Id] WindowsEditor(7,SebastianKlotz) [Debug] 1 [PackageName] WindowsEditor [ProjectName] Editor" 

Player connection [34808]  * "[IP] 192.168.0.100 [Port] 0 [Flags] 2 [Guid] 2216652404 [EditorId] 2216652404 [Version] 1048832 [Id] WindowsEditor(7,SebastianKlotz) [Debug] 1 [PackageName] WindowsEditor [ProjectName] Editor" 

Player connection [34808] Host joined multi-casting on [225.0.0.222:54997]...
Player connection [34808] Host joined alternative multi-casting on [225.0.0.222:34997]...
JobSystem: Creating JobQueue using job-worker-count value 7
[Physics::Module] Initialized fallback backend.
[Physics::Module] Id: 0xdecafbad
Library Redirect Path: Library/
[Physics::Module] Selected backend.
[Physics::Module] Name: PhysX
[Physics::Module] Id: 0xf2b8ea05
[Physics::Module] SDK Version: 4.1.2
[Physics::Module] Integration Version: 1.0.0
[Physics::Module] Threading Mode: Multi-Threaded
Refreshing native plugins compatible for Editor in 4.77 ms, found 10 plugins.
Preloading 1 native plugins for Editor in 0.81 ms.
Initialize engine version: 6000.0.24f1 (11fa355cd605)
[Subsystems] Discovering subsystems at path C:/Program Files/Unity/Hub/Editor/6000.0.24f1/Editor/Data/Resources/UnitySubsystems
[Subsystems] Discovering subsystems at path C:/Users/zebkl/ShamansJourney/ShamanGame/Assets
GfxDevice: creating device client; kGfxThreadingModeNonThreaded
Direct3D:
    Version:  Direct3D 11.0 [level 11.1]
    Renderer: NVIDIA GeForce RTX 4070 Laptop GPU (ID=0x2860)
    Vendor:   NVIDIA
    VRAM:     7948 MB
    Driver:   32.0.15.6590
Initialize mono
Mono path[0] = 'C:/Program Files/Unity/Hub/Editor/6000.0.24f1/Editor/Data/Managed'
Mono path[1] = 'C:/Program Files/Unity/Hub/Editor/6000.0.24f1/Editor/Data/MonoBleedingEdge/lib/mono/unityjit-win32'
Mono config path = 'C:/Program Files/Unity/Hub/Editor/6000.0.24f1/Editor/Data/MonoBleedingEdge/etc'
Using monoOptions --debugger-agent=transport=dt_socket,embedding=1,server=y,suspend=n,address=127.0.0.1:56988
Begin MonoManager ReloadAssembly
Registering precompiled unity dll's ...
Register platform support module: C:/Program Files/Unity/Hub/Editor/6000.0.24f1/Editor/Data/PlaybackEngines/WindowsStandaloneSupport/UnityEditor.WindowsStandalone.Extensions.dll
Registered in 0.001731 seconds.
- Loaded All Assemblies, in  0.297 seconds
Native extension for WindowsStandalone target not found
Mono: successfully reloaded assembly
- Finished resetting the current domain, in  0.260 seconds
Domain Reload Profiling: 556ms
	BeginReloadAssembly (96ms)
		ExecutionOrderSort (0ms)
		DisableScriptedObjects (0ms)
		BackupInstance (0ms)
		ReleaseScriptingObjects (0ms)
		CreateAndSetChildDomain (1ms)
	RebuildCommonClasses (28ms)
	RebuildNativeTypeToScriptingClass (9ms)
	initialDomainReloadingComplete (38ms)
	LoadAllAssembliesAndSetupDomain (124ms)
		LoadAssemblies (95ms)
		RebuildTransferFunctionScriptingTraits (0ms)
		AnalyzeDomain (121ms)
			TypeCache.Refresh (120ms)
				TypeCache.ScanAssembly (107ms)
			BuildScriptInfoCaches (0ms)
			ResolveRequiredComponents (0ms)
	FinalizeReload (260ms)
		ReleaseScriptCaches (0ms)
		RebuildScriptCaches (0ms)
		SetupLoadedEditorAssemblies (221ms)
			LogAssemblyErrors (0ms)
			InitializePlatformSupportModulesInManaged (19ms)
			SetLoadedEditorAssemblies (4ms)
			BeforeProcessingInitializeOnLoad (5ms)
			ProcessInitializeOnLoadAttributes (145ms)
			ProcessInitializeOnLoadMethodAttributes (46ms)
			AfterProcessingInitializeOnLoad (2ms)
			EditorAssembliesLoaded (0ms)
		ExecutionOrderSort2 (0ms)
		AwakeInstancesAfterBackupRestoration (0ms)
========================================================================
Worker process is ready to serve import requests
Import Worker Mode flag is 0x00
Begin MonoManager ReloadAssembly
- Loaded All Assemblies, in  0.851 seconds
Refreshing native plugins compatible for Editor in 3.12 ms, found 10 plugins.
Native extension for WindowsStandalone target not found
Mono: successfully reloaded assembly
- Finished resetting the current domain, in  0.840 seconds
Domain Reload Profiling: 1689ms
	BeginReloadAssembly (327ms)
		ExecutionOrderSort (0ms)
		DisableScriptedObjects (8ms)
		BackupInstance (0ms)
		ReleaseScriptingObjects (0ms)
		CreateAndSetChildDomain (39ms)
	RebuildCommonClasses (29ms)
	RebuildNativeTypeToScriptingClass (9ms)
	initialDomainReloadingComplete (28ms)
	LoadAllAssembliesAndSetupDomain (454ms)
		LoadAssemblies (270ms)
		RebuildTransferFunctionScriptingTraits (0ms)
		AnalyzeDomain (259ms)
			TypeCache.Refresh (172ms)
				TypeCache.ScanAssembly (154ms)
			BuildScriptInfoCaches (73ms)
			ResolveRequiredComponents (9ms)
	FinalizeReload (841ms)
		ReleaseScriptCaches (0ms)
		RebuildScriptCaches (0ms)
		SetupLoadedEditorAssemblies (579ms)
			LogAssemblyErrors (0ms)
			InitializePlatformSupportModulesInManaged (2ms)
			SetLoadedEditorAssemblies (5ms)
			BeforeProcessingInitializeOnLoad (58ms)
			ProcessInitializeOnLoadAttributes (433ms)
			ProcessInitializeOnLoadMethodAttributes (77ms)
			AfterProcessingInitializeOnLoad (5ms)
			EditorAssembliesLoaded (0ms)
		ExecutionOrderSort2 (0ms)
		AwakeInstancesAfterBackupRestoration (4ms)
Launched and connected shader compiler UnityShaderCompiler.exe after 0.01 seconds
Refreshing native plugins compatible for Editor in 3.37 ms, found 10 plugins.
Preloading 1 native plugins for Editor in 0.05 ms.
Unloading 247 Unused Serialized files (Serialized files now loaded: 0)
Unloading 7143 unused Assets / (6.6 MB). Loaded Objects now: 7943.
Memory consumption went from 218.1 MB to 211.5 MB.
Total: 11.915700 ms (FindLiveObjects: 0.836100 ms CreateObjectMapping: 0.764600 ms MarkObjects: 6.070100 ms  DeleteObjects: 4.243500 ms)

========================================================================
Received Import Request.
  Time since last request: 208139.550450 seconds.
  path: Assets/Rocky Assets/Meshes/Stump and Branches/Stump_Branch_02.fbx
  artifactKey: Guid(81f8bae3f3495724ba51358574af8b7e) Importer(815301076,1909f56bfc062723c751e8b465ee728b)
Start importing Assets/Rocky Assets/Meshes/Stump and Branches/Stump_Branch_02.fbx using Guid(81f8bae3f3495724ba51358574af8b7e) Importer(815301076,1909f56bfc062723c751e8b465ee728b) (PreviewImporter) -> (artifact id: 'f23d8df00196ee8303b29150a68c6e37') in 0.4850319 seconds
Number of updated asset objects reloaded before import = 0Number of asset objects unloaded after import = 13

========================================================================
Received Import Request.
  Time since last request: 12.132860 seconds.
  path: Assets/Rocky Assets/Meshes/Mountains/Mountain_Mounatin_03.fbx
  artifactKey: Guid(1cac25599a05b8147b7882e13b19f15d) Importer(815301076,1909f56bfc062723c751e8b465ee728b)
Start importing Assets/Rocky Assets/Meshes/Mountains/Mountain_Mounatin_03.fbx using Guid(1cac25599a05b8147b7882e13b19f15d) Importer(815301076,1909f56bfc062723c751e8b465ee728b) (PreviewImporter) -> (artifact id: 'b8a7b13675c169accc4729e211b3dd8e') in 0.0294636 seconds
Number of updated asset objects reloaded before import = 0Number of asset objects unloaded after import = 13

========================================================================
Received Import Request.
  Time since last request: 0.000049 seconds.
  path: Assets/Rocky Assets/Meshes/Mountains/Mountain_Mounatin_06.fbx
  artifactKey: Guid(291b57e2fa421b24d92173848b1807ce) Importer(815301076,1909f56bfc062723c751e8b465ee728b)
Start importing Assets/Rocky Assets/Meshes/Mountains/Mountain_Mounatin_06.fbx using Guid(291b57e2fa421b24d92173848b1807ce) Importer(815301076,1909f56bfc062723c751e8b465ee728b) (PreviewImporter) -> (artifact id: 'fdf03fd78bd53ce119194c78e37c60ca') in 0.0272358 seconds
Number of updated asset objects reloaded before import = 0Number of asset objects unloaded after import = 13

========================================================================
Received Import Request.
  Time since last request: 18.062583 seconds.
  path: Assets/Rocky Assets/Textures/Rocks Pack 01/Rocks_pack_01_Height.png
  artifactKey: Guid(b400855ce65f83a47a44d86eaf33220e) Importer(815301076,1909f56bfc062723c751e8b465ee728b)
Start importing Assets/Rocky Assets/Textures/Rocks Pack 01/Rocks_pack_01_Height.png using Guid(b400855ce65f83a47a44d86eaf33220e) Importer(815301076,1909f56bfc062723c751e8b465ee728b) (PreviewImporter) -> (artifact id: 'a64ff8474b9c6799f2222bf40d23edb7') in 0.0174247 seconds
Number of updated asset objects reloaded before import = 0Number of asset objects unloaded after import = 2

========================================================================
Received Import Request.
  Time since last request: 14.594744 seconds.
  path: Assets/Rocky Assets/Meshes/Rocks/Rock_Rock_03.fbx
  artifactKey: Guid(97e378245020bd444a24a3f755c27daf) Importer(815301076,1909f56bfc062723c751e8b465ee728b)
Start importing Assets/Rocky Assets/Meshes/Rocks/Rock_Rock_03.fbx using Guid(97e378245020bd444a24a3f755c27daf) Importer(815301076,1909f56bfc062723c751e8b465ee728b) (PreviewImporter) -> (artifact id: '7bd084e23a40e8ecbeb37285fb774bb1') in 0.0304752 seconds
Number of updated asset objects reloaded before import = 0Number of asset objects unloaded after import = 13

========================================================================
Received Import Request.
  Time since last request: 0.000023 seconds.
  path: Assets/Rocky Assets/Meshes/Rocks/Rock_Rock_24.fbx
  artifactKey: Guid(af457e076928a294b96af9035c565130) Importer(815301076,1909f56bfc062723c751e8b465ee728b)
Start importing Assets/Rocky Assets/Meshes/Rocks/Rock_Rock_24.fbx using Guid(af457e076928a294b96af9035c565130) Importer(815301076,1909f56bfc062723c751e8b465ee728b) (PreviewImporter) -> (artifact id: 'b4a53f1355254e4a0ccc0b5cea22d135') in 0.0398332 seconds
Number of updated asset objects reloaded before import = 0Number of asset objects unloaded after import = 13

========================================================================
Received Import Request.
  Time since last request: 0.000025 seconds.
  path: Assets/Rocky Assets/Meshes/Rocks/Rock_Rock_21.fbx
  artifactKey: Guid(115be9a1ad6162d4ea19e176e588d81f) Importer(815301076,1909f56bfc062723c751e8b465ee728b)
Start importing Assets/Rocky Assets/Meshes/Rocks/Rock_Rock_21.fbx using Guid(115be9a1ad6162d4ea19e176e588d81f) Importer(815301076,1909f56bfc062723c751e8b465ee728b) (PreviewImporter) -> (artifact id: '2a43b852d49181a0186cb0031f34730a') in 0.0356056 seconds
Number of updated asset objects reloaded before import = 0Number of asset objects unloaded after import = 13

========================================================================
Received Import Request.
  Time since last request: 0.000053 seconds.
  path: Assets/Rocky Assets/Meshes/Rocks/Rock_Rock_08.fbx
  artifactKey: Guid(0d52b336939d58e48b98ba59f84ef6fd) Importer(815301076,1909f56bfc062723c751e8b465ee728b)
Start importing Assets/Rocky Assets/Meshes/Rocks/Rock_Rock_08.fbx using Guid(0d52b336939d58e48b98ba59f84ef6fd) Importer(815301076,1909f56bfc062723c751e8b465ee728b) (PreviewImporter) -> (artifact id: '8cb2a3dac8721d94215cccf743de8bfb') in 0.0364019 seconds
Number of updated asset objects reloaded before import = 0Number of asset objects unloaded after import = 13

========================================================================
Received Import Request.
  Time since last request: 0.000043 seconds.
  path: Assets/Rocky Assets/Meshes/Rocks/Rock_Rock_17.fbx
  artifactKey: Guid(1c871400f72b0454ebc741c344c2ec39) Importer(815301076,1909f56bfc062723c751e8b465ee728b)
Start importing Assets/Rocky Assets/Meshes/Rocks/Rock_Rock_17.fbx using Guid(1c871400f72b0454ebc741c344c2ec39) Importer(815301076,1909f56bfc062723c751e8b465ee728b) (PreviewImporter) -> (artifact id: '7214f5d408586e0a17ab97afbc790e8c') in 0.0388917 seconds
Number of updated asset objects reloaded before import = 0Number of asset objects unloaded after import = 13

========================================================================
Received Import Request.
  Time since last request: 0.000026 seconds.
  path: Assets/Rocky Assets/Meshes/Rocks/Rock_Rock_13.fbx
  artifactKey: Guid(7a7445ba6ad54f749a6638e7ecf000d6) Importer(815301076,1909f56bfc062723c751e8b465ee728b)
Start importing Assets/Rocky Assets/Meshes/Rocks/Rock_Rock_13.fbx using Guid(7a7445ba6ad54f749a6638e7ecf000d6) Importer(815301076,1909f56bfc062723c751e8b465ee728b) (PreviewImporter) -> (artifact id: 'ee46e7cf2346fd30b77efb900696191c') in 0.0298458 seconds
Number of updated asset objects reloaded before import = 0Number of asset objects unloaded after import = 13

========================================================================
Received Import Request.
  Time since last request: 0.000024 seconds.
  path: Assets/Rocky Assets/Meshes/Rocks/Rock_Rock_06.fbx
  artifactKey: Guid(56fbcd8613d2bac44a87d0a0e6f4f285) Importer(815301076,1909f56bfc062723c751e8b465ee728b)
Start importing Assets/Rocky Assets/Meshes/Rocks/Rock_Rock_06.fbx using Guid(56fbcd8613d2bac44a87d0a0e6f4f285) Importer(815301076,1909f56bfc062723c751e8b465ee728b) (PreviewImporter) -> (artifact id: 'aa0ad268cf3e68c627e06ce8501fe932') in 0.0252765 seconds
Number of updated asset objects reloaded before import = 0Number of asset objects unloaded after import = 13

========================================================================
Received Import Request.
  Time since last request: 0.000031 seconds.
  path: Assets/Rocky Assets/Meshes/Rocks/Rock_Rock_20.fbx
  artifactKey: Guid(f4f683d8a9b811245a2d8ad6cd720200) Importer(815301076,1909f56bfc062723c751e8b465ee728b)
Start importing Assets/Rocky Assets/Meshes/Rocks/Rock_Rock_20.fbx using Guid(f4f683d8a9b811245a2d8ad6cd720200) Importer(815301076,1909f56bfc062723c751e8b465ee728b) (PreviewImporter) -> (artifact id: '9d6b9d60a340075db69d9593e73d3939') in 0.0256502 seconds
Number of updated asset objects reloaded before import = 0Number of asset objects unloaded after import = 13

========================================================================
Received Import Request.
  Time since last request: 1.069723 seconds.
  path: Assets/Rocky Assets/Meshes/Mushrooms/Mushroom_Mushroom_03.fbx
  artifactKey: Guid(f0d78d075372ee94bb83e8c7166c1ec7) Importer(815301076,1909f56bfc062723c751e8b465ee728b)
Start importing Assets/Rocky Assets/Meshes/Mushrooms/Mushroom_Mushroom_03.fbx using Guid(f0d78d075372ee94bb83e8c7166c1ec7) Importer(815301076,1909f56bfc062723c751e8b465ee728b) (PreviewImporter) -> (artifact id: 'd4db6c358112e0ae62e54367753071f4') in 0.024051 seconds
Number of updated asset objects reloaded before import = 0Number of asset objects unloaded after import = 13

========================================================================
Received Import Request.
  Time since last request: 0.000028 seconds.
  path: Assets/Rocky Assets/Meshes/Mushrooms/Mushroom_Mushroom_10.fbx
  artifactKey: Guid(98848596886a3a54b91afd18b16259fb) Importer(815301076,1909f56bfc062723c751e8b465ee728b)
Start importing Assets/Rocky Assets/Meshes/Mushrooms/Mushroom_Mushroom_10.fbx using Guid(98848596886a3a54b91afd18b16259fb) Importer(815301076,1909f56bfc062723c751e8b465ee728b) (PreviewImporter) -> (artifact id: '29fb5d52773cd700337fb8b385e268ab') in 0.0257906 seconds
Number of updated asset objects reloaded before import = 0Number of asset objects unloaded after import = 13

========================================================================
Received Import Request.
  Time since last request: 0.000021 seconds.
  path: Assets/Rocky Assets/Meshes/Mushrooms/Mushroom_Mushroom_08.fbx
  artifactKey: Guid(ef77cb3f43e82ed49afdb80eca9dd2c6) Importer(815301076,1909f56bfc062723c751e8b465ee728b)
Start importing Assets/Rocky Assets/Meshes/Mushrooms/Mushroom_Mushroom_08.fbx using Guid(ef77cb3f43e82ed49afdb80eca9dd2c6) Importer(815301076,1909f56bfc062723c751e8b465ee728b) (PreviewImporter) -> (artifact id: '1d88b7449e0867f85c1c5f6800bd51d7') in 0.0249066 seconds
Number of updated asset objects reloaded before import = 0Number of asset objects unloaded after import = 13

========================================================================
Received Import Request.
  Time since last request: 0.000026 seconds.
  path: Assets/Rocky Assets/Meshes/Mushrooms/Mushroom_Mushroom_09.fbx
  artifactKey: Guid(023e6763076c7bf48aaf87676c7926dc) Importer(815301076,1909f56bfc062723c751e8b465ee728b)
Start importing Assets/Rocky Assets/Meshes/Mushrooms/Mushroom_Mushroom_09.fbx using Guid(023e6763076c7bf48aaf87676c7926dc) Importer(815301076,1909f56bfc062723c751e8b465ee728b) (PreviewImporter) -> (artifact id: '5e77c3c8b8d675f9bbaef4f058cd1c8d') in 0.0245757 seconds
Number of updated asset objects reloaded before import = 0Number of asset objects unloaded after import = 13

========================================================================
Received Import Request.
  Time since last request: 5.548988 seconds.
  path: Assets/Rocky Assets/Meshes/Grass And Flowers/Grass_And_Flowers_Daisy2.fbx
  artifactKey: Guid(d876bd53ff24dc64882b0ca7a226e5eb) Importer(815301076,1909f56bfc062723c751e8b465ee728b)
Start importing Assets/Rocky Assets/Meshes/Grass And Flowers/Grass_And_Flowers_Daisy2.fbx using Guid(d876bd53ff24dc64882b0ca7a226e5eb) Importer(815301076,1909f56bfc062723c751e8b465ee728b) (PreviewImporter) -> (artifact id: 'ed984f20f0a579f5c9c6d73f5a70e277') in 0.0429749 seconds
Number of updated asset objects reloaded before import = 0Number of asset objects unloaded after import = 13

========================================================================
Received Import Request.
  Time since last request: 0.000037 seconds.
  path: Assets/Rocky Assets/Meshes/Grass And Flowers/Grass_And_Flowers_Flower_ball_shape_05.fbx
  artifactKey: Guid(4099a728a516d54498e5794fa52cac0c) Importer(815301076,1909f56bfc062723c751e8b465ee728b)
Start importing Assets/Rocky Assets/Meshes/Grass And Flowers/Grass_And_Flowers_Flower_ball_shape_05.fbx using Guid(4099a728a516d54498e5794fa52cac0c) Importer(815301076,1909f56bfc062723c751e8b465ee728b) (PreviewImporter) -> (artifact id: '3c0c1c9370bd82c352c0a08a87bc9f1e') in 0.0257819 seconds
Number of updated asset objects reloaded before import = 0Number of asset objects unloaded after import = 13

========================================================================
Received Import Request.
  Time since last request: 0.000041 seconds.
  path: Assets/Rocky Assets/Meshes/Grass And Flowers/Grass_And_Flowers_Flower_Cup_06.fbx
  artifactKey: Guid(da87f8a42e79f084ba8b77ed599c00ee) Importer(815301076,1909f56bfc062723c751e8b465ee728b)
Start importing Assets/Rocky Assets/Meshes/Grass And Flowers/Grass_And_Flowers_Flower_Cup_06.fbx using Guid(da87f8a42e79f084ba8b77ed599c00ee) Importer(815301076,1909f56bfc062723c751e8b465ee728b) (PreviewImporter) -> (artifact id: 'ee9bb417c16533f1d003bd3d2435a7b8') in 0.0247605 seconds
Number of updated asset objects reloaded before import = 0Number of asset objects unloaded after import = 13

========================================================================
Received Import Request.
  Time since last request: 0.000027 seconds.
  path: Assets/Rocky Assets/Meshes/Grass And Flowers/Grass_And_Flowers_Flower_ball_shape_04.fbx
  artifactKey: Guid(6ef0d992ce237e047b254d7a83583768) Importer(815301076,1909f56bfc062723c751e8b465ee728b)
Start importing Assets/Rocky Assets/Meshes/Grass And Flowers/Grass_And_Flowers_Flower_ball_shape_04.fbx using Guid(6ef0d992ce237e047b254d7a83583768) Importer(815301076,1909f56bfc062723c751e8b465ee728b) (PreviewImporter) -> (artifact id: 'a0f84b0213d9b5b884e11faeed851038') in 0.0260729 seconds
Number of updated asset objects reloaded before import = 0Number of asset objects unloaded after import = 13

========================================================================
Received Import Request.
  Time since last request: 0.000023 seconds.
  path: Assets/Rocky Assets/Meshes/Grass And Flowers/Grass_And_Flowers_Flower_Rectangular_shape_03.fbx
  artifactKey: Guid(cf2cec0a8085fd149bfdf1b32dd4db8b) Importer(815301076,1909f56bfc062723c751e8b465ee728b)
Start importing Assets/Rocky Assets/Meshes/Grass And Flowers/Grass_And_Flowers_Flower_Rectangular_shape_03.fbx using Guid(cf2cec0a8085fd149bfdf1b32dd4db8b) Importer(815301076,1909f56bfc062723c751e8b465ee728b) (PreviewImporter) -> (artifact id: 'ea6057cc814c1b6cc8aa1e93d34ec86f') in 0.0254831 seconds
Number of updated asset objects reloaded before import = 0Number of asset objects unloaded after import = 13

========================================================================
Received Import Request.
  Time since last request: 0.000023 seconds.
  path: Assets/Rocky Assets/Meshes/Grass And Flowers/Grass_And_Flowers_Grass.fbx
  artifactKey: Guid(f7a65f3abe4eb56458f655b0d21dd6cc) Importer(815301076,1909f56bfc062723c751e8b465ee728b)
Start importing Assets/Rocky Assets/Meshes/Grass And Flowers/Grass_And_Flowers_Grass.fbx using Guid(f7a65f3abe4eb56458f655b0d21dd6cc) Importer(815301076,1909f56bfc062723c751e8b465ee728b) (PreviewImporter) -> (artifact id: 'fd4220ff737346e5d88dec3a7e298dc3') in 0.0236722 seconds
Number of updated asset objects reloaded before import = 0Number of asset objects unloaded after import = 13

========================================================================
Received Import Request.
  Time since last request: 0.000021 seconds.
  path: Assets/Rocky Assets/Meshes/Grass And Flowers/Grass_And_Flowers_Flower_Cup_04.fbx
  artifactKey: Guid(58c2dfc28ecc81740bf3957a47be0600) Importer(815301076,1909f56bfc062723c751e8b465ee728b)
Start importing Assets/Rocky Assets/Meshes/Grass And Flowers/Grass_And_Flowers_Flower_Cup_04.fbx using Guid(58c2dfc28ecc81740bf3957a47be0600) Importer(815301076,1909f56bfc062723c751e8b465ee728b) (PreviewImporter) -> (artifact id: 'ea351a6033905c99f61f196ecc41f124') in 0.0246904 seconds
Number of updated asset objects reloaded before import = 0Number of asset objects unloaded after import = 13

========================================================================
Received Import Request.
  Time since last request: 0.000036 seconds.
  path: Assets/Rocky Assets/Meshes/Grass And Flowers/Grass_And_Flowers_Flower_Cup_01.fbx
  artifactKey: Guid(3bf347fb2e7022140832c4f9a04f1fea) Importer(815301076,1909f56bfc062723c751e8b465ee728b)
Start importing Assets/Rocky Assets/Meshes/Grass And Flowers/Grass_And_Flowers_Flower_Cup_01.fbx using Guid(3bf347fb2e7022140832c4f9a04f1fea) Importer(815301076,1909f56bfc062723c751e8b465ee728b) (PreviewImporter) -> (artifact id: '3c696cfd5252505b39474b4042a2b88f') in 0.0256096 seconds
Number of updated asset objects reloaded before import = 0Number of asset objects unloaded after import = 13

========================================================================
Received Import Request.
  Time since last request: 0.000041 seconds.
  path: Assets/Rocky Assets/Meshes/Grass And Flowers/Grass_And_Flowers_Daisy3.fbx
  artifactKey: Guid(b527eca4e799c724781d9c8a9d45d6a6) Importer(815301076,1909f56bfc062723c751e8b465ee728b)
Start importing Assets/Rocky Assets/Meshes/Grass And Flowers/Grass_And_Flowers_Daisy3.fbx using Guid(b527eca4e799c724781d9c8a9d45d6a6) Importer(815301076,1909f56bfc062723c751e8b465ee728b) (PreviewImporter) -> (artifact id: '9243f42e5988e4ddc4f41095d8bf5214') in 0.0251492 seconds
Number of updated asset objects reloaded before import = 0Number of asset objects unloaded after import = 13

========================================================================
Received Import Request.
  Time since last request: 26.092347 seconds.
  path: Assets/Rocky Assets/Meshes/Grass And Flowers/Grass_And_Flowers_Grass_leaves_05.fbx
  artifactKey: Guid(115f2acfc247d844a9195c325dae2897) Importer(815301076,1909f56bfc062723c751e8b465ee728b)
Start importing Assets/Rocky Assets/Meshes/Grass And Flowers/Grass_And_Flowers_Grass_leaves_05.fbx using Guid(115f2acfc247d844a9195c325dae2897) Importer(815301076,1909f56bfc062723c751e8b465ee728b) (PreviewImporter) -> (artifact id: 'ad0e0d1021eae81c55cc0b1c443fcb18') in 0.0243585 seconds
Number of updated asset objects reloaded before import = 0Number of asset objects unloaded after import = 13

========================================================================
Received Import Request.
  Time since last request: 0.000031 seconds.
  path: Assets/Rocky Assets/Meshes/Grass And Flowers/Grass_And_Flowers_Grass_leaves_08.fbx
  artifactKey: Guid(5d9b7f57164405144b4d638df83a866c) Importer(815301076,1909f56bfc062723c751e8b465ee728b)
Start importing Assets/Rocky Assets/Meshes/Grass And Flowers/Grass_And_Flowers_Grass_leaves_08.fbx using Guid(5d9b7f57164405144b4d638df83a866c) Importer(815301076,1909f56bfc062723c751e8b465ee728b) (PreviewImporter) -> (artifact id: '235a45437c89043ffe4a9d8f055270a5') in 0.024979 seconds
Number of updated asset objects reloaded before import = 0Number of asset objects unloaded after import = 13

========================================================================
Received Import Request.
  Time since last request: 0.000022 seconds.
  path: Assets/Rocky Assets/Meshes/Grass And Flowers/Grass_And_Flowers_Grass_plant_06.fbx
  artifactKey: Guid(70d2031a68516c849ad1f4e102b3cac4) Importer(815301076,1909f56bfc062723c751e8b465ee728b)
Start importing Assets/Rocky Assets/Meshes/Grass And Flowers/Grass_And_Flowers_Grass_plant_06.fbx using Guid(70d2031a68516c849ad1f4e102b3cac4) Importer(815301076,1909f56bfc062723c751e8b465ee728b) (PreviewImporter) -> (artifact id: 'b90b18701b9d2f39ca9842bd37fd49b0') in 0.0248262 seconds
Number of updated asset objects reloaded before import = 0Number of asset objects unloaded after import = 13

========================================================================
Received Import Request.
  Time since last request: 0.000033 seconds.
  path: Assets/Rocky Assets/Meshes/Grass And Flowers/Grass_And_Flowers_Grass_plant_03.fbx
  artifactKey: Guid(44a455aac4e06564892571395b20b41d) Importer(815301076,1909f56bfc062723c751e8b465ee728b)
Start importing Assets/Rocky Assets/Meshes/Grass And Flowers/Grass_And_Flowers_Grass_plant_03.fbx using Guid(44a455aac4e06564892571395b20b41d) Importer(815301076,1909f56bfc062723c751e8b465ee728b) (PreviewImporter) -> (artifact id: '4ce7f579bbe30355fbfb7e9bdd0d7eab') in 0.024964 seconds
Number of updated asset objects reloaded before import = 0Number of asset objects unloaded after import = 13

========================================================================
Received Import Request.
  Time since last request: 0.000027 seconds.
  path: Assets/Rocky Assets/Meshes/Grass And Flowers/Grass_And_Flowers_Lilies_03.fbx
  artifactKey: Guid(7309306868027734486bfba45bc25d87) Importer(815301076,1909f56bfc062723c751e8b465ee728b)
Start importing Assets/Rocky Assets/Meshes/Grass And Flowers/Grass_And_Flowers_Lilies_03.fbx using Guid(7309306868027734486bfba45bc25d87) Importer(815301076,1909f56bfc062723c751e8b465ee728b) (PreviewImporter) -> (artifact id: 'ef9e79f485c635525507c97ba7d6d6dc') in 0.0285112 seconds
Number of updated asset objects reloaded before import = 0Number of asset objects unloaded after import = 13

========================================================================
Received Import Request.
  Time since last request: 0.000060 seconds.
  path: Assets/Rocky Assets/Meshes/Grass And Flowers/Grass_And_Flowers_Grass_plant_04.fbx
  artifactKey: Guid(690ee7a8f44826b4fb4f655453a16808) Importer(815301076,1909f56bfc062723c751e8b465ee728b)
Start importing Assets/Rocky Assets/Meshes/Grass And Flowers/Grass_And_Flowers_Grass_plant_04.fbx using Guid(690ee7a8f44826b4fb4f655453a16808) Importer(815301076,1909f56bfc062723c751e8b465ee728b) (PreviewImporter) -> (artifact id: '93f1a710cd72329879e15a05c121d35b') in 0.0250464 seconds
Number of updated asset objects reloaded before import = 0Number of asset objects unloaded after import = 13

========================================================================
Received Import Request.
  Time since last request: 1.515631 seconds.
  path: Assets/Rocky Assets/Meshes/Grass And Flowers/Grass_And_Flowers_Tulip.fbx
  artifactKey: Guid(c5c12518302b0e54a98afc561059fef1) Importer(815301076,1909f56bfc062723c751e8b465ee728b)
Start importing Assets/Rocky Assets/Meshes/Grass And Flowers/Grass_And_Flowers_Tulip.fbx using Guid(c5c12518302b0e54a98afc561059fef1) Importer(815301076,1909f56bfc062723c751e8b465ee728b) (PreviewImporter) -> (artifact id: 'd68e46171ae80c59fcb4dd0b0b663dc5') in 0.0263555 seconds
Number of updated asset objects reloaded before import = 0Number of asset objects unloaded after import = 13

========================================================================
Received Import Request.
  Time since last request: 0.000024 seconds.
  path: Assets/Rocky Assets/Meshes/Grass And Flowers/Grass_And_Flowers_Tulip_01.fbx
  artifactKey: Guid(f6c8a31e526c04e4c94c9a010f5236b3) Importer(815301076,1909f56bfc062723c751e8b465ee728b)
Start importing Assets/Rocky Assets/Meshes/Grass And Flowers/Grass_And_Flowers_Tulip_01.fbx using Guid(f6c8a31e526c04e4c94c9a010f5236b3) Importer(815301076,1909f56bfc062723c751e8b465ee728b) (PreviewImporter) -> (artifact id: '9e2ee5419474445bb1e18b234bcc2cfc') in 0.0259168 seconds
Number of updated asset objects reloaded before import = 0Number of asset objects unloaded after import = 13

========================================================================
Received Import Request.
  Time since last request: 202.511309 seconds.
  path: Assets/Rocky Assets/Animation/tree spirit animation baked.fbx
  artifactKey: Guid(07c2d8941e2d3c948912ca4f71a27eae) Importer(815301076,1909f56bfc062723c751e8b465ee728b)
Start importing Assets/Rocky Assets/Animation/tree spirit animation baked.fbx using Guid(07c2d8941e2d3c948912ca4f71a27eae) Importer(815301076,1909f56bfc062723c751e8b465ee728b) (PreviewImporter) -> (artifact id: '021964f3b841ea7e1df99b9ef2d437eb') in 0.1374023 seconds
Number of updated asset objects reloaded before import = 0Number of asset objects unloaded after import = 144

========================================================================
Received Import Request.
  Time since last request: 164.742467 seconds.
  path: Assets/Rocky Assets/Textures/Grass_Flowers/Mountan_Base_color.png
  artifactKey: Guid(a57c3930efdefb4479b248542e6d24f0) Importer(815301076,1909f56bfc062723c751e8b465ee728b)
Start importing Assets/Rocky Assets/Textures/Grass_Flowers/Mountan_Base_color.png using Guid(a57c3930efdefb4479b248542e6d24f0) Importer(815301076,1909f56bfc062723c751e8b465ee728b) (PreviewImporter) -> (artifact id: '855a8c52b63e030b835a8a7b4af85f16') in 0.0139864 seconds
Number of updated asset objects reloaded before import = 0Number of asset objects unloaded after import = 2

========================================================================
Received Import Request.
  Time since last request: 0.000028 seconds.
  path: Assets/Rocky Assets/Textures/Grass_Flowers/Mountan_Height.png
  artifactKey: Guid(d75a472fb92916640bf84e14b532815c) Importer(815301076,1909f56bfc062723c751e8b465ee728b)
Start importing Assets/Rocky Assets/Textures/Grass_Flowers/Mountan_Height.png using Guid(d75a472fb92916640bf84e14b532815c) Importer(815301076,1909f56bfc062723c751e8b465ee728b) (PreviewImporter) -> (artifact id: '993fa2338d545b3bd47cdb7de2ea5b2e') in 0.0074838 seconds
Number of updated asset objects reloaded before import = 0Number of asset objects unloaded after import = 2

========================================================================
Received Import Request.
  Time since last request: 0.000026 seconds.
  path: Assets/Rocky Assets/Textures/Grass_Flowers/Mountan_Roughness.png
  artifactKey: Guid(b90838cccfcaffa4aa47e052ef42b207) Importer(815301076,1909f56bfc062723c751e8b465ee728b)
Start importing Assets/Rocky Assets/Textures/Grass_Flowers/Mountan_Roughness.png using Guid(b90838cccfcaffa4aa47e052ef42b207) Importer(815301076,1909f56bfc062723c751e8b465ee728b) (PreviewImporter) -> (artifact id: '7ed707074943a1900fda45d2a4a08109') in 0.014302 seconds
Number of updated asset objects reloaded before import = 0Number of asset objects unloaded after import = 2

========================================================================
Received Import Request.
  Time since last request: 0.000025 seconds.
  path: Assets/Rocky Assets/Textures/Grass_Flowers/Mountan_Metallic.png
  artifactKey: Guid(14b1f83f72bcf75438927e63d7f79427) Importer(815301076,1909f56bfc062723c751e8b465ee728b)
Start importing Assets/Rocky Assets/Textures/Grass_Flowers/Mountan_Metallic.png using Guid(14b1f83f72bcf75438927e63d7f79427) Importer(815301076,1909f56bfc062723c751e8b465ee728b) (PreviewImporter) -> (artifact id: 'da61b8cc50e3e9e065c6ef607d1c3029') in 0.0076431 seconds
Number of updated asset objects reloaded before import = 0Number of asset objects unloaded after import = 2

Editor requested this worker to shutdown with reason: Scaling down because of idle timeout
AssetImportWorker is now disconnected from the server
Process exiting
Exiting without the bug reporter. Application will terminate with return code 0