Using pre-set license
Built from '6000.0/staging' branch; Version is '6000.0.24f1 (11fa355cd605) revision 1178165'; Using compiler version '193933523'; Build Type 'Release'
OS: 'Windows 11  (10.0.22631) 64bit Professional' Language: 'en' Physical Memory: 130907 MB
BatchMode: 1, IsHumanControllingUs: 0, StartBugReporterOnCrash: 0, Is64bit: 1, IsPro: 1

COMMAND LINE ARGUMENTS:
C:\Program Files\Unity\Hub\Editor\6000.0.24f1\Editor\Unity.exe
-adb2
-batchMode
-noUpm
-name
AssetImportWorker4
-projectPath
C:/Users/GBT B760M DS3H/Documents/ShamansJourney/ShamanGame
-logFile
Logs/AssetImportWorker4.log
-srvPort
54570
-job-worker-count
15
-background-job-worker-count
8
-asset-garbage-collectors
1
Successfully changed project path to: C:/Users/GBT B760M DS3H/Documents/ShamansJourney/ShamanGame
C:/Users/GBT B760M DS3H/Documents/ShamansJourney/ShamanGame
[UnityMemory] Configuration Parameters - Can be set up in boot.config
    "memorysetup-bucket-allocator-granularity=16"
    "memorysetup-bucket-allocator-bucket-count=8"
    "memorysetup-bucket-allocator-block-size=33554432"
    "memorysetup-bucket-allocator-block-count=8"
    "memorysetup-main-allocator-block-size=16777216"
    "memorysetup-thread-allocator-block-size=16777216"
    "memorysetup-gfx-main-allocator-block-size=16777216"
    "memorysetup-gfx-thread-allocator-block-size=16777216"
    "memorysetup-cache-allocator-block-size=4194304"
    "memorysetup-typetree-allocator-block-size=2097152"
    "memorysetup-profiler-bucket-allocator-granularity=16"
    "memorysetup-profiler-bucket-allocator-bucket-count=8"
    "memorysetup-profiler-bucket-allocator-block-size=33554432"
    "memorysetup-profiler-bucket-allocator-block-count=8"
    "memorysetup-profiler-allocator-block-size=16777216"
    "memorysetup-profiler-editor-allocator-block-size=1048576"
    "memorysetup-temp-allocator-size-main=16777216"
    "memorysetup-job-temp-allocator-block-size=2097152"
    "memorysetup-job-temp-allocator-block-size-background=1048576"
    "memorysetup-job-temp-allocator-reduction-small-platforms=262144"
    "memorysetup-allocator-temp-initial-block-size-main=262144"
    "memorysetup-allocator-temp-initial-block-size-worker=262144"
    "memorysetup-temp-allocator-size-background-worker=32768"
    "memorysetup-temp-allocator-size-job-worker=262144"
    "memorysetup-temp-allocator-size-preload-manager=33554432"
    "memorysetup-temp-allocator-size-nav-mesh-worker=65536"
    "memorysetup-temp-allocator-size-audio-worker=65536"
    "memorysetup-temp-allocator-size-cloud-worker=32768"
    "memorysetup-temp-allocator-size-gi-baking-worker=262144"
    "memorysetup-temp-allocator-size-gi-baking-worker=262144"
    "memorysetup-temp-allocator-size-gi-baking-worker=262144"
    "memorysetup-temp-allocator-size-gi-baking-worker=262144"
    "memorysetup-temp-allocator-size-gi-baking-worker=262144"
    "memorysetup-temp-allocator-size-gfx=262144"
Player connection [38280]  Target information:

Player connection [38280]  * "[IP] 10.158.72.229 [Port] 0 [Flags] 2 [Guid] 1044099278 [EditorId] 1044099278 [Version] 1048832 [Id] WindowsEditor(7,DESKTOP-RO2PPIV) [Debug] 1 [PackageName] WindowsEditor [ProjectName] Editor" 

Player connection [38280] Host joined multi-casting on [225.0.0.222:54997]...
Player connection [38280] Host joined alternative multi-casting on [225.0.0.222:34997]...
JobSystem: Creating JobQueue using job-worker-count value 15
[Physics::Module] Initialized fallback backend.
[Physics::Module] Id: 0xdecafbad
Library Redirect Path: Library/
[Physics::Module] Selected backend.
[Physics::Module] Name: PhysX
[Physics::Module] Id: 0xf2b8ea05
[Physics::Module] SDK Version: 4.1.2
[Physics::Module] Integration Version: 1.0.0
[Physics::Module] Threading Mode: Multi-Threaded
Refreshing native plugins compatible for Editor in 2.15 ms, found 9 plugins.
Preloading 1 native plugins for Editor in 0.49 ms.
Initialize engine version: 6000.0.24f1 (11fa355cd605)
[Subsystems] Discovering subsystems at path C:/Program Files/Unity/Hub/Editor/6000.0.24f1/Editor/Data/Resources/UnitySubsystems
[Subsystems] Discovering subsystems at path C:/Users/GBT B760M DS3H/Documents/ShamansJourney/ShamanGame/Assets
GfxDevice: creating device client; kGfxThreadingModeNonThreaded
Direct3D:
    Version:  Direct3D 11.0 [level 11.1]
    Renderer: NVIDIA GeForce RTX 4070 (ID=0x2786)
    Vendor:   NVIDIA
    VRAM:     12012 MB
    Driver:   32.0.15.6603
Initialize mono
Mono path[0] = 'C:/Program Files/Unity/Hub/Editor/6000.0.24f1/Editor/Data/Managed'
Mono path[1] = 'C:/Program Files/Unity/Hub/Editor/6000.0.24f1/Editor/Data/MonoBleedingEdge/lib/mono/unityjit-win32'
Mono config path = 'C:/Program Files/Unity/Hub/Editor/6000.0.24f1/Editor/Data/MonoBleedingEdge/etc'
Using monoOptions --debugger-agent=transport=dt_socket,embedding=1,server=y,suspend=n,address=127.0.0.1:56076
Begin MonoManager ReloadAssembly
Registering precompiled unity dll's ...
Register platform support module: C:/Program Files/Unity/Hub/Editor/6000.0.24f1/Editor/Data/PlaybackEngines/WindowsStandaloneSupport/UnityEditor.WindowsStandalone.Extensions.dll
Registered in 0.001101 seconds.
- Loaded All Assemblies, in  0.215 seconds
Native extension for WindowsStandalone target not found
Mono: successfully reloaded assembly
- Finished resetting the current domain, in  0.192 seconds
Domain Reload Profiling: 406ms
	BeginReloadAssembly (73ms)
		ExecutionOrderSort (0ms)
		DisableScriptedObjects (0ms)
		BackupInstance (0ms)
		ReleaseScriptingObjects (0ms)
		CreateAndSetChildDomain (0ms)
	RebuildCommonClasses (20ms)
	RebuildNativeTypeToScriptingClass (7ms)
	initialDomainReloadingComplete (26ms)
	LoadAllAssembliesAndSetupDomain (88ms)
		LoadAssemblies (72ms)
		RebuildTransferFunctionScriptingTraits (0ms)
		AnalyzeDomain (87ms)
			TypeCache.Refresh (86ms)
				TypeCache.ScanAssembly (78ms)
			BuildScriptInfoCaches (0ms)
			ResolveRequiredComponents (0ms)
	FinalizeReload (193ms)
		ReleaseScriptCaches (0ms)
		RebuildScriptCaches (0ms)
		SetupLoadedEditorAssemblies (163ms)
			LogAssemblyErrors (0ms)
			InitializePlatformSupportModulesInManaged (16ms)
			SetLoadedEditorAssemblies (3ms)
			BeforeProcessingInitializeOnLoad (4ms)
			ProcessInitializeOnLoadAttributes (104ms)
			ProcessInitializeOnLoadMethodAttributes (35ms)
			AfterProcessingInitializeOnLoad (2ms)
			EditorAssembliesLoaded (0ms)
		ExecutionOrderSort2 (0ms)
		AwakeInstancesAfterBackupRestoration (0ms)
========================================================================
Worker process is ready to serve import requests
Import Worker Mode flag is 0x00
Begin MonoManager ReloadAssembly
- Loaded All Assemblies, in  0.792 seconds
Refreshing native plugins compatible for Editor in 1.63 ms, found 9 plugins.
Native extension for WindowsStandalone target not found
Mono: successfully reloaded assembly
- Finished resetting the current domain, in  0.636 seconds
Domain Reload Profiling: 1427ms
	BeginReloadAssembly (271ms)
		ExecutionOrderSort (0ms)
		DisableScriptedObjects (5ms)
		BackupInstance (0ms)
		ReleaseScriptingObjects (0ms)
		CreateAndSetChildDomain (18ms)
	RebuildCommonClasses (21ms)
	RebuildNativeTypeToScriptingClass (7ms)
	initialDomainReloadingComplete (20ms)
	LoadAllAssembliesAndSetupDomain (472ms)
		LoadAssemblies (283ms)
		RebuildTransferFunctionScriptingTraits (0ms)
		AnalyzeDomain (243ms)
			TypeCache.Refresh (169ms)
				TypeCache.ScanAssembly (154ms)
			BuildScriptInfoCaches (63ms)
			ResolveRequiredComponents (9ms)
	FinalizeReload (637ms)
		ReleaseScriptCaches (0ms)
		RebuildScriptCaches (0ms)
		SetupLoadedEditorAssemblies (426ms)
			LogAssemblyErrors (0ms)
			InitializePlatformSupportModulesInManaged (1ms)
			SetLoadedEditorAssemblies (2ms)
			BeforeProcessingInitializeOnLoad (42ms)
			ProcessInitializeOnLoadAttributes (316ms)
			ProcessInitializeOnLoadMethodAttributes (61ms)
			AfterProcessingInitializeOnLoad (4ms)
			EditorAssembliesLoaded (0ms)
		ExecutionOrderSort2 (0ms)
		AwakeInstancesAfterBackupRestoration (5ms)
Launched and connected shader compiler UnityShaderCompiler.exe after 0.03 seconds
Refreshing native plugins compatible for Editor in 1.56 ms, found 9 plugins.
Preloading 1 native plugins for Editor in 0.02 ms.
Unloading 232 Unused Serialized files (Serialized files now loaded: 0)
Unloading 6726 unused Assets / (5.5 MB). Loaded Objects now: 7506.
Memory consumption went from 215.7 MB to 210.2 MB.
Total: 6.545500 ms (FindLiveObjects: 0.394200 ms CreateObjectMapping: 0.229300 ms MarkObjects: 4.256900 ms  DeleteObjects: 1.664600 ms)

========================================================================
Received Import Request.
  Time since last request: 32211.840900 seconds.
  path: Assets/Rocky Assets/Textures/Broken Trees
  artifactKey: Guid(c7a7753cb79f94540af2e35f59325ef1) Importer(815301076,1909f56bfc062723c751e8b465ee728b)
Start importing Assets/Rocky Assets/Textures/Broken Trees using Guid(c7a7753cb79f94540af2e35f59325ef1) Importer(815301076,1909f56bfc062723c751e8b465ee728b) (PreviewImporter) -> (artifact id: 'cdc3f3961ee3c60e7b783b7a5b71335a') in 0.0058843 seconds
Number of updated asset objects reloaded before import = 0Number of asset objects unloaded after import = 0

========================================================================
Received Import Request.
  Time since last request: 52.490651 seconds.
  path: Assets/Bush1_TXT.png
  artifactKey: Guid(6f5d62aec43efd240bc92a73afc482b9) Importer(815301076,1909f56bfc062723c751e8b465ee728b)
Start importing Assets/Bush1_TXT.png using Guid(6f5d62aec43efd240bc92a73afc482b9) Importer(815301076,1909f56bfc062723c751e8b465ee728b) (PreviewImporter) -> (artifact id: 'e2848ade66ebe31d65a912b26fd4ed9c') in 0.0383151 seconds
Number of updated asset objects reloaded before import = 0Number of asset objects unloaded after import = 2

========================================================================
Received Import Request.
  Time since last request: 0.564999 seconds.
  path: Assets/DialogNodeBasedSystem/Resources/Sprites/comment-box-icon.png
  artifactKey: Guid(2e27d8e1746b5584286bbe28fbfa253a) Importer(815301076,1909f56bfc062723c751e8b465ee728b)
Start importing Assets/DialogNodeBasedSystem/Resources/Sprites/comment-box-icon.png using Guid(2e27d8e1746b5584286bbe28fbfa253a) Importer(815301076,1909f56bfc062723c751e8b465ee728b) (PreviewImporter) -> (artifact id: 'dfb5b600df4a63b1d13348d2abbc6fa2') in 0.0235328 seconds
Number of updated asset objects reloaded before import = 0Number of asset objects unloaded after import = 3

========================================================================
Received Import Request.
  Time since last request: 0.259323 seconds.
  path: Assets/DialogNodeBasedSystem/Resources/Sprites/default-avatar-profile-picture-male-icon.png
  artifactKey: Guid(c03d0e70107745d48b9cc5f2abe74fe5) Importer(815301076,1909f56bfc062723c751e8b465ee728b)
Start importing Assets/DialogNodeBasedSystem/Resources/Sprites/default-avatar-profile-picture-male-icon.png using Guid(c03d0e70107745d48b9cc5f2abe74fe5) Importer(815301076,1909f56bfc062723c751e8b465ee728b) (PreviewImporter) -> (artifact id: 'ae360168f973c94a404cc9e510d0206d') in 0.0085208 seconds
Number of updated asset objects reloaded before import = 0Number of asset objects unloaded after import = 3

========================================================================
Received Import Request.
  Time since last request: 0.040613 seconds.
  path: Assets/Rocky Assets/Textures/Stump/Mountan_Base_color.png
  artifactKey: Guid(0b15bd41834d7eb4eb910d7317cc277e) Importer(815301076,1909f56bfc062723c751e8b465ee728b)
Start importing Assets/Rocky Assets/Textures/Stump/Mountan_Base_color.png using Guid(0b15bd41834d7eb4eb910d7317cc277e) Importer(815301076,1909f56bfc062723c751e8b465ee728b) (PreviewImporter) -> (artifact id: 'f1c36f039db8d3547484cada9415738e') in 0.008907 seconds
Number of updated asset objects reloaded before import = 0Number of asset objects unloaded after import = 2

========================================================================
Received Import Request.
  Time since last request: 5.666046 seconds.
  path: Assets/Rocky Assets/Textures/Broken Trees/Mountan_Base_color.png
  artifactKey: Guid(392b921f4f04d5349818a970adc00f07) Importer(815301076,1909f56bfc062723c751e8b465ee728b)
Start importing Assets/Rocky Assets/Textures/Broken Trees/Mountan_Base_color.png using Guid(392b921f4f04d5349818a970adc00f07) Importer(815301076,1909f56bfc062723c751e8b465ee728b) (PreviewImporter) -> (artifact id: '4099b57240587bdcc277cd77ddc97608') in 0.0186122 seconds
Number of updated asset objects reloaded before import = 0Number of asset objects unloaded after import = 2

========================================================================
Received Import Request.
  Time since last request: 0.000010 seconds.
  path: Assets/Rocky Assets/Textures/Broken Trees/Mountan_Height.png
  artifactKey: Guid(4171e9b23ddaea1418e37d722c321652) Importer(815301076,1909f56bfc062723c751e8b465ee728b)
Start importing Assets/Rocky Assets/Textures/Broken Trees/Mountan_Height.png using Guid(4171e9b23ddaea1418e37d722c321652) Importer(815301076,1909f56bfc062723c751e8b465ee728b) (PreviewImporter) -> (artifact id: 'd8aa2ca88130a7051c1bdfcf88e8184b') in 0.0255262 seconds
Number of updated asset objects reloaded before import = 0Number of asset objects unloaded after import = 2

========================================================================
Received Import Request.
  Time since last request: 0.289386 seconds.
  path: Assets/Rocky Assets/Textures/Broken Trees/Mountan_Metallic.png
  artifactKey: Guid(63f04461070f07148b669c4652c2ee91) Importer(815301076,1909f56bfc062723c751e8b465ee728b)
Start importing Assets/Rocky Assets/Textures/Broken Trees/Mountan_Metallic.png using Guid(63f04461070f07148b669c4652c2ee91) Importer(815301076,1909f56bfc062723c751e8b465ee728b) (PreviewImporter) -> (artifact id: 'deb077d90b6f972e4d7d5beb91e9f8cc') in 0.0045259 seconds
Number of updated asset objects reloaded before import = 0Number of asset objects unloaded after import = 2

========================================================================
Received Import Request.
  Time since last request: 0.000008 seconds.
  path: Assets/Rocky Assets/Textures/Grass_Flowers/Mountan_Mixed_AO.png
  artifactKey: Guid(0a246e30a28cfef4fa94ebb4712fc117) Importer(815301076,1909f56bfc062723c751e8b465ee728b)
Start importing Assets/Rocky Assets/Textures/Grass_Flowers/Mountan_Mixed_AO.png using Guid(0a246e30a28cfef4fa94ebb4712fc117) Importer(815301076,1909f56bfc062723c751e8b465ee728b) (PreviewImporter) -> (artifact id: 'c75c542b3792f4ecd59e7e75dd3030aa') in 0.0112842 seconds
Number of updated asset objects reloaded before import = 0Number of asset objects unloaded after import = 2

Editor requested this worker to shutdown with reason: Scaling down because of idle timeout
AssetImportWorker is now disconnected from the server
Process exiting
Exiting without the bug reporter. Application will terminate with return code 0